<?xml version="1.0" encoding="UTF-8"?>
<!-- Generated by org.testng.reporters.JUnitReportReporter -->
<testsuite hostname="A2ML35313" name="com.mindtree.CucumberFramework.runners.MainRunner" tests="1" failures="0" timestamp="16 Jan 2021 14:44:43 GMT" time="56.787" errors="0">
  <testcase name="feature" time="56.787" classname="com.mindtree.CucumberFramework.runners.MainRunner"/>
</testsuite> <!-- com.mindtree.CucumberFramework.runners.MainRunner -->
